<?xml version="1.0" encoding="UTF-8"?>
<!-- Generated by org.testng.reporters.JUnitReportReporter -->
<testsuite hostname="LAPTOP-7A23BLBV" failures="0" tests="1" name="com.piit.Cucumber.AppTest" time="0.003" errors="0" timestamp="2021-12-30T01:12:34 EST" skipped="0">
  <testcase classname="com.piit.Cucumber.AppTest" name="shouldAnswerWithTrue" time="0.003"/>
  <system-out/>
</testsuite> <!-- com.piit.Cucumber.AppTest -->
